Using 24 threads for the top and bottom strand indexing processes each, so using 48 cores in total
Writing bisulfite genomes out into a single MFA (multi FastA) file

Bisulfite Genome Indexer version v0.23.1 (last modified: 27 Jan 2021)

Step I - Prepare genome folders - completed


Calculating genomic frequencies (this may take several minutes depending on genome size) ...
====================================================================================================================================================================
Now reading in and storing sequence information of the genome specified in: /atium/Data/projects/hg002_wgbs/reference/bowtie2_combined/

chr chr1 (248387328 bp)
chr chr2 (242696752 bp)
chr chr3 (201105948 bp)
chr chr4 (193574945 bp)
chr chr5 (182045439 bp)
chr chr6 (172126628 bp)
chr chr7 (160567428 bp)
chr chr8 (146259331 bp)
chr chr9 (150617247 bp)
chr chr10 (134758134 bp)
chr chr11 (135127769 bp)
chr chr12 (133324548 bp)
chr chr13 (113566686 bp)
chr chr14 (101161492 bp)
chr chr15 (99753195 bp)
chr chr16 (96330374 bp)
chr chr17 (84276897 bp)
chr chr18 (80542538 bp)
chr chr19 (61707364 bp)
chr chr20 (66210255 bp)
chr chr21 (45090682 bp)
chr chr22 (51324926 bp)
chr chrM (16569 bp)
chr chrX (154349815 bp)
chr chrY (62460029 bp)
chr M77789.2 (2686 bp)
chr chrL (48502 bp)

Processing chromosome >> chr12 <<
Processing chromosome >> chr16 <<
Processing chromosome >> chr17 <<
Processing chromosome >> chr13 <<
Processing chromosome >> chrX <<
Processing chromosome >> chrL <<
Processing chromosome >> chr19 <<
Processing chromosome >> chr2 <<
Processing chromosome >> chr14 <<
Processing chromosome >> chr20 <<
Processing chromosome >> chr9 <<
Processing chromosome >> chr11 <<
Processing chromosome >> chr3 <<
Processing chromosome >> chr15 <<
Processing chromosome >> chr8 <<
Processing chromosome >> chr21 <<
Processing chromosome >> chr5 <<
Processing chromosome >> chr10 <<
Processing chromosome >> chr1 <<
Processing chromosome >> chr18 <<
Processing chromosome >> chr6 <<
Processing chromosome >> chr7 <<
Processing chromosome >> chrY <<
Processing chromosome >> chr4 <<
Processing chromosome >> M77789.2 <<
Processing chromosome >> chr22 <<
Processing chromosome >> chrM <<
Writing genomic nucleotide frequencies to the file >/atium/Data/projects/hg002_wgbs/reference/bowtie2_combined/genomic_nucleotide_frequencies.txt< for future re-use
Writing count of (di-)nucleotide: A	923903421
Writing count of (di-)nucleotide: AA	305701978
Writing count of (di-)nucleotide: AC	155041551
Writing count of (di-)nucleotide: AG	212629159
Writing count of (di-)nucleotide: AT	250530726
Writing count of (di-)nucleotide: C	633727963
Writing count of (di-)nucleotide: CA	225901383
Writing count of (di-)nucleotide: CC	160780764
Writing count of (di-)nucleotide: CG	33903293
Writing count of (di-)nucleotide: CT	213142523
Writing count of (di-)nucleotide: G	636760295
Writing count of (di-)nucleotide: GA	190077154
Writing count of (di-)nucleotide: GC	128903054
Writing count of (di-)nucleotide: GG	162632528
Writing count of (di-)nucleotide: GT	155147548
Writing count of (di-)nucleotide: T	923041828
Writing count of (di-)nucleotide: TA	202222901
Writing count of (di-)nucleotide: TC	189002580
Writing count of (di-)nucleotide: TG	227595312
Writing count of (di-)nucleotide: TT	304221026
Finished processing genomic nucleotide frequencies


Step II - Genome bisulfite conversions - completed


Bismark Genome Preparation - Step III: Launching the Bowtie 2 indexer
Preparing indexing of CT converted genome in /atium/Data/projects/hg002_wgbs/reference/bowtie2_combined/Bisulfite_Genome/CT_conversion/
Building a SMALL index
Preparing indexing of GA converted genome in /atium/Data/projects/hg002_wgbs/reference/bowtie2_combined/Bisulfite_Genome/GA_conversion/
Building a SMALL index
Renaming BS_GA.3.bt2.tmp to BS_GA.3.bt2
Renaming BS_GA.4.bt2.tmp to BS_GA.4.bt2
Renaming BS_GA.1.bt2.tmp to BS_GA.1.bt2
Renaming BS_GA.2.bt2.tmp to BS_GA.2.bt2
Renaming BS_GA.rev.1.bt2.tmp to BS_GA.rev.1.bt2
Renaming BS_GA.rev.2.bt2.tmp to BS_GA.rev.2.bt2
Renaming BS_CT.3.bt2.tmp to BS_CT.3.bt2
Renaming BS_CT.4.bt2.tmp to BS_CT.4.bt2
Renaming BS_CT.1.bt2.tmp to BS_CT.1.bt2
Renaming BS_CT.2.bt2.tmp to BS_CT.2.bt2
Renaming BS_CT.rev.1.bt2.tmp to BS_CT.rev.1.bt2
Renaming BS_CT.rev.2.bt2.tmp to BS_CT.rev.2.bt2
