
 *** Bismark methylation extractor version v0.23.1dev ***

Output will be written into the directory: /atium/Data/projects/hg002_wgbs/bismark/methylseq/meth_extraction/
Setting option '--no_overlap' since this is (normally) the right thing to do for paired-end data

Summarising Bismark methylation extractor parameters:
===============================================================
Bismark paired-end SAM format specified (default)
Number of cores to be used: 6
First 11 bp will be disregarded when processing the methylation call string of Read 2
Strand-specific outputs will be skipped. Separate output files for cytosines in CpG, CHG and CHH context will be generated
Merge CHG and CHH context to non-CpG context specified
Output path specified as: /atium/Data/projects/hg002_wgbs/bismark/methylseq/meth_extraction/

Checking file >>/atium/Data/projects/hg002_wgbs/bismark/methylseq/methylseq_SRR13051104_pe.deduplicated.bam<< for signs of file truncation...


Now testing Bismark result file >/atium/Data/projects/hg002_wgbs/bismark/methylseq/methylseq_SRR13051104_pe.deduplicated.bam< for positional sorting (which would be bad...)	...passed!
Writing result file containing methylation information for C in CpG context to /atium/Data/projects/hg002_wgbs/bismark/methylseq/meth_extraction/CpG_context_methylseq_SRR13051104_pe.deduplicated.txt.gz
Writing result file containing methylation information for C in any other context to /atium/Data/projects/hg002_wgbs/bismark/methylseq/meth_extraction/Non_CpG_context_methylseq_SRR13051104_pe.deduplicated.txt.gz

Now reading in Bismark result file /atium/Data/projects/hg002_wgbs/bismark/methylseq/methylseq_SRR13051104_pe.deduplicated.bam


Now reading in Bismark result file /atium/Data/projects/hg002_wgbs/bismark/methylseq/methylseq_SRR13051104_pe.deduplicated.bam


Now reading in Bismark result file /atium/Data/projects/hg002_wgbs/bismark/methylseq/methylseq_SRR13051104_pe.deduplicated.bam


Now reading in Bismark result file /atium/Data/projects/hg002_wgbs/bismark/methylseq/methylseq_SRR13051104_pe.deduplicated.bam

Now reading in Bismark result file /atium/Data/projects/hg002_wgbs/bismark/methylseq/methylseq_SRR13051104_pe.deduplicated.bam

Now reading in Bismark result file /atium/Data/projects/hg002_wgbs/bismark/methylseq/methylseq_SRR13051104_pe.deduplicated.bam

skipping SAM header line:	@HD	VN:1.0	SO:unsorted
skipping SAM header line:	@SQ	SN:chr1	LN:248387328
skipping SAM header line:	@SQ	SN:chr2	LN:242696752
skipping SAM header line:	@SQ	SN:chr3	LN:201105948
skipping SAM header line:	@SQ	SN:chr4	LN:193574945
skipping SAM header line:	@SQ	SN:chr5	LN:182045439
skipping SAM header line:	@SQ	SN:chr6	LN:172126628
skipping SAM header line:	@SQ	SN:chr7	LN:160567428
skipping SAM header line:	@SQ	SN:chr8	LN:146259331
skipping SAM header line:	@SQ	SN:chr9	LN:150617247
skipping SAM header line:	@SQ	SN:chr10	LN:134758134
skipping SAM header line:	@SQ	SN:chr11	LN:135127769
skipping SAM header line:	@SQ	SN:chr12	LN:133324548
skipping SAM header line:	@SQ	SN:chr13	LN:113566686
skipping SAM header line:	@SQ	SN:chr14	LN:101161492
skipping SAM header line:	@SQ	SN:chr15	LN:99753195
skipping SAM header line:	@SQ	SN:chr16	LN:96330374
skipping SAM header line:	@SQ	SN:chr17	LN:84276897
skipping SAM header line:	@SQ	SN:chr18	LN:80542538
skipping SAM header line:	@SQ	SN:chr19	LN:61707364
skipping SAM header line:	@SQ	SN:chr20	LN:66210255
skipping SAM header line:	@SQ	SN:chr21	LN:45090682
skipping SAM header line:	@SQ	SN:chr22	LN:51324926
skipping SAM header line:	@SQ	SN:chrM	LN:16569
skipping SAM header line:	@SQ	SN:chrX	LN:154349815
skipping SAM header line:	@SQ	SN:chrY	LN:62460029
skipping SAM header line:	@SQ	SN:M77789.2	LN:2686
skipping SAM header line:	@SQ	SN:chrL	LN:48502
skipping SAM header line:	@PG	ID:Bismark	VN:v0.23.1dev	CL:"bismark --bam --bowtie2 --genome /atium/Data/projects/hg002_wgbs/reference/bowtie2_combined --basename methylseq_SRR13051104 -1 /atium/Data/projects/hg002_wgbs/trimmed/methylseq_SRR13051104_1.trimmed.fastq -2 /atium/Data/projects/hg002_wgbs/trimmed/methylseq_SRR13051104_2.trimmed.fastq --temp_dir /scratch/phook --output_dir /atium/Data/projects/hg002_wgbs/bismark/methylseq"
skipping SAM header line:	@PG	ID:samtools	PN:samtools	PP:Bismark	VN:1.15	CL:/home/phook2/code/pwh_projects/hg002_wgbs/workflow/.snakemake/conda/3db0a532baa65854df5d9f7aed09f8a9/bin/samtools view -bSh -
skipping SAM header line:	@PG	ID:samtools.1	PN:samtools	PP:samtools	VN:1.15	CL:/home/phook2/code/pwh_projects/hg002_wgbs/workflow/.snakemake/conda/11fde9375277dfd610e453b9285928a5/bin/samtools view -h --threads 1 /atium/Data/projects/hg002_wgbs/bismark/methylseq/methylseq_SRR13051104_pe.bam
skipping SAM header line:	@PG	ID:samtools.2	PN:samtools	PP:samtools.1	VN:1.15	CL:/home/phook2/code/pwh_projects/hg002_wgbs/workflow/.snakemake/conda/11fde9375277dfd610e453b9285928a5/bin/samtools view -bS --threads 1 -
skipping SAM header line:	@PG	ID:samtools.3	PN:samtools	PP:samtools.2	VN:1.15	CL:/home/phook2/code/pwh_projects/hg002_wgbs/workflow/.snakemake/conda/3db0a532baa65854df5d9f7aed09f8a9/bin/samtools view -h /atium/Data/projects/hg002_wgbs/bismark/methylseq/methylseq_SRR13051104_pe.deduplicated.bam
Processed lines: 500000
Processed lines: 500000
Processed lines: 500000
Processed lines: 500000
Processed lines: 500000
Processed lines: 500000
Processed lines: 1000000
Processed lines: 1000000
Processed lines: 1000000
Processed lines: 1000000
Processed lines: 1000000
Processed lines: 1000000
Processed lines: 1500000
Processed lines: 1500000
Processed lines: 1500000
Processed lines: 1500000
Processed lines: 1500000
Processed lines: 1500000
Processed lines: 2000000
Processed lines: 2000000
Processed lines: 2000000
Processed lines: 2000000
Processed lines: 2000000
Processed lines: 2000000
Processed lines: 2500000
Processed lines: 2500000
Processed lines: 2500000
Processed lines: 2500000
Processed lines: 2500000
Processed lines: 2500000
Processed lines: 3000000
Processed lines: 3000000
Processed lines: 3000000
Processed lines: 3000000
Processed lines: 3000000
Processed lines: 3000000
Processed lines: 3500000
Processed lines: 3500000
Processed lines: 3500000
Processed lines: 3500000
Processed lines: 3500000
Processed lines: 3500000
Processed lines: 4000000
Processed lines: 4000000
Processed lines: 4000000
Processed lines: 4000000
Processed lines: 4000000
Processed lines: 4000000
Processed lines: 4500000
Processed lines: 4500000
Processed lines: 4500000
Processed lines: 4500000
Processed lines: 4500000
Processed lines: 4500000
Processed lines: 5000000
Processed lines: 5000000
Processed lines: 5000000
Processed lines: 5000000
Processed lines: 5000000
Processed lines: 5000000
Processed lines: 5500000
Processed lines: 5500000
Processed lines: 5500000
Processed lines: 5500000
Processed lines: 5500000
Processed lines: 5500000
Processed lines: 6000000
Processed lines: 6000000
Processed lines: 6000000
Processed lines: 6000000
Processed lines: 6000000
Processed lines: 6000000
Processed lines: 6500000
Processed lines: 6500000
Processed lines: 6500000
Processed lines: 6500000
Processed lines: 6500000
Processed lines: 6500000
Processed lines: 7000000
Processed lines: 7000000
Processed lines: 7000000
Processed lines: 7000000
Processed lines: 7000000
Processed lines: 7000000
Processed lines: 7500000
Processed lines: 7500000
Processed lines: 7500000
Processed lines: 7500000
Processed lines: 7500000
Processed lines: 7500000
Processed lines: 8000000
Processed lines: 8000000
Processed lines: 8000000
Processed lines: 8000000
Processed lines: 8000000
Processed lines: 8000000
Processed lines: 8500000
Processed lines: 8500000
Processed lines: 8500000
Processed lines: 8500000
Processed lines: 8500000
Processed lines: 8500000
Processed lines: 9000000
Processed lines: 9000000
Processed lines: 9000000
Processed lines: 9000000
Processed lines: 9000000
Processed lines: 9000000
Processed lines: 9500000
Processed lines: 9500000
Processed lines: 9500000
Processed lines: 9500000
Processed lines: 9500000
Processed lines: 9500000
Processed lines: 10000000
Processed lines: 10000000
Processed lines: 10000000
Processed lines: 10000000
Processed lines: 10000000
Processed lines: 10000000
Processed lines: 10500000
Processed lines: 10500000
Processed lines: 10500000
Processed lines: 10500000
Processed lines: 10500000
Processed lines: 10500000
Processed lines: 11000000
Processed lines: 11000000
Processed lines: 11000000
Processed lines: 11000000
Processed lines: 11000000
Processed lines: 11000000
Processed lines: 11500000
Processed lines: 11500000
Processed lines: 11500000
Processed lines: 11500000
Processed lines: 11500000
Processed lines: 11500000
Processed lines: 12000000
Processed lines: 12000000
Processed lines: 12000000
Processed lines: 12000000
Processed lines: 12000000
Processed lines: 12000000
Processed lines: 12500000
Processed lines: 12500000
Processed lines: 12500000
Processed lines: 12500000
Processed lines: 12500000
Processed lines: 12500000
Processed lines: 13000000
Processed lines: 13000000
Processed lines: 13000000
Processed lines: 13000000
Processed lines: 13000000
Processed lines: 13000000
Processed lines: 13500000
Processed lines: 13500000
Processed lines: 13500000
Processed lines: 13500000
Processed lines: 13500000
Processed lines: 13500000
Processed lines: 14000000
Processed lines: 14000000
Processed lines: 14000000
Processed lines: 14000000
Processed lines: 14000000
Processed lines: 14000000
Processed lines: 14500000
Processed lines: 14500000
Processed lines: 14500000
Processed lines: 14500000
Processed lines: 14500000
Processed lines: 14500000
Processed lines: 15000000
Processed lines: 15000000
Processed lines: 15000000
Processed lines: 15000000
Processed lines: 15000000
Processed lines: 15000000
Processed lines: 15500000
Processed lines: 15500000
Processed lines: 15500000
Processed lines: 15500000
Processed lines: 15500000
Processed lines: 15500000
Processed lines: 16000000
Processed lines: 16000000
Processed lines: 16000000
Processed lines: 16000000
Processed lines: 16000000
Processed lines: 16000000
Processed lines: 16500000
Processed lines: 16500000
Processed lines: 16500000
Processed lines: 16500000
Processed lines: 16500000
Processed lines: 16500000
Processed lines: 17000000
Processed lines: 17000000
Processed lines: 17000000
Processed lines: 17000000
Processed lines: 17000000
Processed lines: 17000000
Processed lines: 17500000
Processed lines: 17500000
Processed lines: 17500000
Processed lines: 17500000
Processed lines: 17500000
Processed lines: 17500000
Processed lines: 18000000
Processed lines: 18000000
Processed lines: 18000000
Processed lines: 18000000
Processed lines: 18000000
Processed lines: 18000000
Processed lines: 18500000
Processed lines: 18500000
Processed lines: 18500000
Processed lines: 18500000
Processed lines: 18500000
Processed lines: 18500000
Processed lines: 19000000
Processed lines: 19000000
Processed lines: 19000000
Processed lines: 19000000
Processed lines: 19000000
Processed lines: 19000000
Processed lines: 19500000
Processed lines: 19500000
Processed lines: 19500000
Processed lines: 19500000
Processed lines: 19500000
Processed lines: 19500000
Processed lines: 20000000
Processed lines: 20000000
Processed lines: 20000000
Processed lines: 20000000
Processed lines: 20000000
Processed lines: 20000000
Processed lines: 20500000
Processed lines: 20500000
Processed lines: 20500000
Processed lines: 20500000
Processed lines: 20500000
Processed lines: 20500000
Processed lines: 21000000
Processed lines: 21000000
Processed lines: 21000000
Processed lines: 21000000
Processed lines: 21000000
Processed lines: 21000000
Processed lines: 21500000
Processed lines: 21500000
Processed lines: 21500000
Processed lines: 21500000
Processed lines: 21500000
Processed lines: 21500000
Processed lines: 22000000
Processed lines: 22000000
Processed lines: 22000000
Processed lines: 22000000
Processed lines: 22000000
Processed lines: 22000000
Processed lines: 22500000
Processed lines: 22500000
Processed lines: 22500000
Processed lines: 22500000
Processed lines: 22500000
Processed lines: 22500000
Processed lines: 23000000
Processed lines: 23000000
Processed lines: 23000000
Processed lines: 23000000
Processed lines: 23000000
Processed lines: 23000000
Processed lines: 23500000
Processed lines: 23500000
Processed lines: 23500000
Processed lines: 23500000
Processed lines: 23500000
Processed lines: 23500000
Processed lines: 24000000
Processed lines: 24000000
Processed lines: 24000000
Processed lines: 24000000
Processed lines: 24000000
Processed lines: 24500000
Processed lines: 24000000
Processed lines: 24500000
Processed lines: 24500000
Processed lines: 24500000
Processed lines: 24500000
Processed lines: 24500000
Processed lines: 25000000
Processed lines: 25000000
Processed lines: 25000000
Processed lines: 25000000
Processed lines: 25000000
Processed lines: 25000000
Processed lines: 25500000
Processed lines: 25500000
Processed lines: 25500000
Processed lines: 25500000
Processed lines: 25500000
Processed lines: 26000000
Processed lines: 25500000
Processed lines: 26000000
Processed lines: 26000000
Processed lines: 26000000
Processed lines: 26000000
Processed lines: 26500000
Processed lines: 26000000
Processed lines: 26500000
Processed lines: 26500000
Processed lines: 26500000
Processed lines: 26500000
Processed lines: 27000000
Processed lines: 26500000
Processed lines: 27000000
Processed lines: 27000000
Processed lines: 27000000
Processed lines: 27000000
Processed lines: 27500000
Processed lines: 27000000
Processed lines: 27500000
Processed lines: 27500000
Processed lines: 27500000
Processed lines: 27500000
Processed lines: 28000000
Processed lines: 27500000
Processed lines: 28000000
Processed lines: 28000000
Processed lines: 28000000
Processed lines: 28000000
Processed lines: 28500000
Processed lines: 28000000
Processed lines: 28500000
Processed lines: 28500000
Processed lines: 28500000
Processed lines: 28500000
Processed lines: 29000000
Processed lines: 28500000
Processed lines: 29000000
Processed lines: 29000000
Processed lines: 29000000
Processed lines: 29000000
Processed lines: 29500000
Processed lines: 29000000
Processed lines: 29500000
Processed lines: 29500000
Processed lines: 29500000
Processed lines: 29500000
Processed lines: 30000000
Processed lines: 29500000
Processed lines: 30000000
Processed lines: 30000000
Processed lines: 30000000
Processed lines: 30000000
Processed lines: 30500000
Processed lines: 30000000
Processed lines: 30500000
Processed lines: 30500000
Processed lines: 30500000
Processed lines: 30500000
Processed lines: 31000000
Processed lines: 30500000
Processed lines: 31000000
Processed lines: 31000000
Processed lines: 31000000
Processed lines: 31000000
Processed lines: 31500000
Processed lines: 31000000
Processed lines: 31500000
Processed lines: 31500000
Processed lines: 31500000
Processed lines: 31500000
Processed lines: 32000000
Processed lines: 31500000
Processed lines: 32000000
Processed lines: 32000000
Processed lines: 32000000
Processed lines: 32000000
Processed lines: 32500000
Processed lines: 32000000
Processed lines: 32500000
Processed lines: 32500000
Processed lines: 32500000
Processed lines: 32500000
Processed lines: 33000000
Processed lines: 32500000
Processed lines: 33000000
Processed lines: 33000000
Processed lines: 33000000
Processed lines: 33000000
Processed lines: 33500000
Processed lines: 33000000
Processed lines: 33500000
Processed lines: 33500000
Processed lines: 33500000
Processed lines: 33500000
Processed lines: 34000000
Processed lines: 33500000
Processed lines: 34000000
Processed lines: 34000000
Processed lines: 34000000
Processed lines: 34000000
Processed lines: 34500000
Processed lines: 34000000
Processed lines: 34500000
Processed lines: 34500000
Processed lines: 34500000
Processed lines: 34500000
Processed lines: 35000000
Processed lines: 34500000
Processed lines: 35000000
Processed lines: 35000000
Processed lines: 35000000
Processed lines: 35000000
Processed lines: 35500000
Processed lines: 35000000
Processed lines: 35500000
Processed lines: 35500000
Processed lines: 35500000
Processed lines: 35500000
Processed lines: 36000000
Processed lines: 35500000
Processed lines: 36000000
Processed lines: 36000000
Processed lines: 36000000
Processed lines: 36000000
Processed lines: 36500000
Processed lines: 36000000
Processed lines: 36500000
Processed lines: 36500000
Processed lines: 36500000
Processed lines: 36500000
Processed lines: 37000000
Processed lines: 36500000
Processed lines: 37000000
Processed lines: 37000000
Processed lines: 37000000
Processed lines: 37000000
Processed lines: 37500000
Processed lines: 37000000
Processed lines: 37500000
Processed lines: 37500000
Processed lines: 37500000
Processed lines: 38000000
Processed lines: 37500000
Processed lines: 37500000
Processed lines: 38000000
Processed lines: 38000000
Processed lines: 38000000
Processed lines: 38500000
Processed lines: 38000000
Processed lines: 38000000
Processed lines: 38500000
Processed lines: 38500000
Processed lines: 38500000
Processed lines: 39000000
Processed lines: 38500000
Processed lines: 38500000
Processed lines: 39000000
Processed lines: 39500000
Processed lines: 39000000
Processed lines: 39000000
Processed lines: 39000000
Processed lines: 39000000
Processed lines: 39500000
Processed lines: 40000000
Processed lines: 39500000
Processed lines: 39500000
Processed lines: 39500000
Processed lines: 39500000
Processed lines: 40000000
Processed lines: 40500000
Processed lines: 40000000
Processed lines: 40000000
Processed lines: 40000000
Processed lines: 40000000
Processed lines: 40500000
Processed lines: 41000000
Processed lines: 40500000
Processed lines: 40500000
Processed lines: 40500000
Processed lines: 40500000
Processed lines: 41000000
Processed lines: 41500000
Processed lines: 41000000
Processed lines: 41000000
Processed lines: 41000000
Processed lines: 41000000
Processed lines: 41500000
Processed lines: 42000000
Processed lines: 41500000
Processed lines: 41500000
Processed lines: 41500000
Processed lines: 41500000
Processed lines: 42000000
Processed lines: 42500000
Processed lines: 42000000
Processed lines: 42000000
Processed lines: 42000000
Processed lines: 42000000
Processed lines: 42500000
Processed lines: 43000000
Processed lines: 42500000
Processed lines: 42500000
Processed lines: 42500000
Processed lines: 42500000
Processed lines: 43000000
Processed lines: 43500000
Processed lines: 43000000
Processed lines: 43000000
Processed lines: 43000000
Processed lines: 43000000
Processed lines: 43500000
Processed lines: 44000000
Processed lines: 43500000
Processed lines: 43500000
Processed lines: 43500000
Processed lines: 43500000
Processed lines: 44000000
Processed lines: 44500000
Processed lines: 44000000
Processed lines: 44000000
Processed lines: 44000000
Processed lines: 44000000
Processed lines: 44500000
Processed lines: 45000000
Processed lines: 44500000
Processed lines: 44500000
Processed lines: 44500000
Processed lines: 44500000
Processed lines: 45000000
Processed lines: 45500000
Processed lines: 45000000
Processed lines: 45000000
Processed lines: 45000000
Processed lines: 45000000
Processed lines: 45500000
Processed lines: 46000000
Processed lines: 45500000
Processed lines: 45500000
Processed lines: 45500000
Processed lines: 45500000
Processed lines: 46000000
Processed lines: 46500000
Processed lines: 46000000
Processed lines: 46000000
Processed lines: 46000000
Processed lines: 46500000
Processed lines: 46000000
Processed lines: 47000000
Processed lines: 46500000
Processed lines: 46500000
Processed lines: 46500000
Processed lines: 47000000
Processed lines: 46500000
Processed lines: 47500000
Processed lines: 47000000
Processed lines: 47000000
Processed lines: 47000000
Processed lines: 47500000
Processed lines: 47000000
Processed lines: 48000000
Processed lines: 47500000
Processed lines: 47500000
Processed lines: 47500000
Processed lines: 48000000
Processed lines: 47500000
Processed lines: 48500000
Processed lines: 48000000
Processed lines: 48000000
Processed lines: 48000000
Processed lines: 48500000
Processed lines: 49000000
Processed lines: 48000000
Processed lines: 48500000
Processed lines: 48500000
Processed lines: 48500000
Processed lines: 49000000
Processed lines: 49500000
Processed lines: 48500000
Processed lines: 49000000
Processed lines: 49000000
Processed lines: 49000000
Processed lines: 49500000
Processed lines: 50000000
Processed lines: 49000000
Processed lines: 49500000
Processed lines: 49500000
Processed lines: 49500000
Processed lines: 50000000
Processed lines: 49500000
Processed lines: 50500000
Processed lines: 50000000
Processed lines: 50000000
Processed lines: 50000000
Processed lines: 50500000
Processed lines: 50000000
Processed lines: 51000000
Processed lines: 50500000
Processed lines: 50500000
Processed lines: 50500000
Processed lines: 51000000
Processed lines: 50500000
Processed lines: 51500000
Processed lines: 51000000
Processed lines: 51000000
Processed lines: 51000000
Processed lines: 51500000
Processed lines: 51000000
Processed lines: 52000000
Processed lines: 51500000
Processed lines: 51500000
Processed lines: 51500000
Processed lines: 52000000
Processed lines: 51500000
Processed lines: 52500000
Processed lines: 52000000
Processed lines: 52000000
Processed lines: 52000000
Processed lines: 52500000
Processed lines: 52000000
Processed lines: 53000000
Processed lines: 52500000
Processed lines: 52500000
Processed lines: 52500000
Processed lines: 53000000
Processed lines: 52500000
Processed lines: 53500000
Processed lines: 53000000
Processed lines: 53000000
Processed lines: 53000000
Processed lines: 53500000
Processed lines: 53000000
Processed lines: 54000000
Processed lines: 53500000
Processed lines: 53500000
Processed lines: 53500000
Processed lines: 54000000
Processed lines: 53500000
Processed lines: 54500000
Processed lines: 54000000
Processed lines: 54000000
Processed lines: 54000000
Processed lines: 54500000
Processed lines: 54000000
Processed lines: 55000000
Processed lines: 54500000
Processed lines: 54500000
Processed lines: 54500000
Processed lines: 55000000
Processed lines: 54500000
Processed lines: 55500000
Processed lines: 55000000
Processed lines: 55000000
Processed lines: 55000000
Processed lines: 55500000
Processed lines: 55000000
Processed lines: 56000000
Processed lines: 55500000
Processed lines: 55500000
Processed lines: 55500000
Processed lines: 56000000
Processed lines: 55500000
Processed lines: 56500000
Processed lines: 56000000
Processed lines: 56000000
Processed lines: 56000000
Processed lines: 56500000
Processed lines: 56000000
Processed lines: 57000000
Processed lines: 56500000
Processed lines: 56500000
Processed lines: 56500000
Processed lines: 57000000
Processed lines: 56500000
Processed lines: 57000000
Processed lines: 57500000
Processed lines: 57000000
Processed lines: 57000000
Processed lines: 57500000
Processed lines: 57000000
Processed lines: 57500000
Processed lines: 58000000
Processed lines: 57500000
Processed lines: 57500000
Processed lines: 58000000
Processed lines: 57500000
Processed lines: 58500000
Processed lines: 58000000
Processed lines: 58000000
Processed lines: 58000000
Processed lines: 58500000
Processed lines: 58000000
Processed lines: 59000000
Processed lines: 58500000
Processed lines: 58500000
Processed lines: 58500000
Processed lines: 59000000
Processed lines: 58500000
Processed lines: 59500000
Processed lines: 59000000
Processed lines: 59000000
Processed lines: 59000000
Processed lines: 59500000
Processed lines: 59000000
Processed lines: 60000000
Processed lines: 59500000
Processed lines: 59500000
Processed lines: 59500000
Processed lines: 60000000
Processed lines: 59500000
Processed lines: 60500000
Processed lines: 60000000
Processed lines: 60000000
Processed lines: 60000000
Processed lines: 60500000
Processed lines: 60000000
Processed lines: 61000000
Processed lines: 60500000
Processed lines: 60500000
Processed lines: 60500000
Processed lines: 61000000
Processed lines: 60500000
Processed lines: 61500000
Processed lines: 61000000
Processed lines: 61000000
Processed lines: 61000000
Processed lines: 61500000
Processed lines: 61000000
Processed lines: 62000000
Processed lines: 61500000
Processed lines: 61500000
Processed lines: 61500000
Processed lines: 62000000
Processed lines: 61500000
Processed lines: 62500000
Processed lines: 62000000
Processed lines: 62000000
Processed lines: 62000000
Processed lines: 62500000
Processed lines: 62000000
Processed lines: 63000000
Processed lines: 62500000
Processed lines: 62500000
Processed lines: 62500000
Processed lines: 63000000
Processed lines: 62500000
Processed lines: 63500000
Processed lines: 63000000
Processed lines: 63000000
Processed lines: 63000000
Processed lines: 63500000
Processed lines: 63000000
Processed lines: 64000000
Processed lines: 63500000
Processed lines: 63500000
Processed lines: 63500000
Processed lines: 64000000
Processed lines: 63500000
Processed lines: 64500000
Processed lines: 64000000
Processed lines: 64000000
Processed lines: 64000000
Processed lines: 64500000
Processed lines: 64000000
Processed lines: 65000000
Processed lines: 64500000
Processed lines: 64500000
Processed lines: 64500000
Processed lines: 65000000
Processed lines: 64500000
Processed lines: 65000000
Processed lines: 65500000
Processed lines: 65000000
Processed lines: 65000000
Processed lines: 65500000
Processed lines: 65000000
Processed lines: 65500000
Processed lines: 66000000
Processed lines: 65500000
Processed lines: 65500000
Processed lines: 66000000
Processed lines: 65500000
Processed lines: 66500000
Processed lines: 66000000
Processed lines: 66000000
Processed lines: 66000000
Processed lines: 66500000
Processed lines: 66000000
Processed lines: 66500000
Processed lines: 67000000
Processed lines: 66500000
Processed lines: 66500000
Processed lines: 67000000
Processed lines: 66500000
Processed lines: 67000000
Processed lines: 67500000
Processed lines: 67000000
Processed lines: 67000000
Processed lines: 67500000
Processed lines: 67000000
Processed lines: 68000000
Processed lines: 67500000
Processed lines: 67500000
Processed lines: 67500000
Processed lines: 68000000
Processed lines: 67500000
Processed lines: 68500000
Processed lines: 68000000
Processed lines: 68000000
Processed lines: 68000000
Processed lines: 68500000
Processed lines: 68000000
Processed lines: 69000000
Processed lines: 68500000
Processed lines: 68500000
Processed lines: 68500000
Processed lines: 69000000
Processed lines: 68500000
Processed lines: 69500000
Processed lines: 69000000
Processed lines: 69000000
Processed lines: 69000000
Processed lines: 69500000
Processed lines: 69000000
Processed lines: 69500000
Processed lines: 70000000
Processed lines: 69500000
Processed lines: 69500000
Processed lines: 70000000
Processed lines: 69500000
Processed lines: 70000000
Processed lines: 70500000
Processed lines: 70000000
Processed lines: 70000000
Processed lines: 70500000
Processed lines: 70000000
Processed lines: 71000000
Processed lines: 70500000
Processed lines: 70500000
Processed lines: 70500000
Processed lines: 71000000
Processed lines: 70500000
Processed lines: 71500000
Processed lines: 71000000
Processed lines: 71000000
Processed lines: 71000000
Processed lines: 71500000
Processed lines: 71000000
Processed lines: 72000000
Processed lines: 71500000
Processed lines: 71500000
Processed lines: 71500000
Processed lines: 72000000
Processed lines: 71500000
Processed lines: 72500000
Processed lines: 72000000
Processed lines: 72000000
Processed lines: 72000000
Processed lines: 72500000
Processed lines: 72000000
Processed lines: 73000000
Processed lines: 72500000
Processed lines: 72500000
Processed lines: 72500000
Processed lines: 73000000
Processed lines: 72500000
Processed lines: 73500000
Processed lines: 73000000
Processed lines: 73000000
Processed lines: 73000000
Processed lines: 73500000
Processed lines: 73000000
Processed lines: 74000000
Processed lines: 73500000
Processed lines: 73500000
Processed lines: 73500000
Processed lines: 74000000
Processed lines: 73500000
Processed lines: 74500000
Processed lines: 74000000
Processed lines: 74000000
Processed lines: 74000000
Processed lines: 74500000
Processed lines: 74000000
Processed lines: 75000000
Processed lines: 74500000
Processed lines: 74500000
Processed lines: 74500000
Processed lines: 75000000
Processed lines: 74500000
Processed lines: 75500000
Processed lines: 75000000
Processed lines: 75000000
Processed lines: 75000000
Processed lines: 75500000
Processed lines: 75000000
Processed lines: 76000000
Processed lines: 75500000
Processed lines: 75500000
Processed lines: 75500000
Processed lines: 76000000
Processed lines: 75500000
Processed lines: 76500000
Processed lines: 76000000
Processed lines: 76000000
Processed lines: 76000000
Processed lines: 76500000
Processed lines: 76000000
Processed lines: 77000000
Processed lines: 76500000
Processed lines: 76500000
Processed lines: 76500000
Processed lines: 77000000
Processed lines: 76500000
Processed lines: 77500000
Processed lines: 77000000
Processed lines: 77000000
Processed lines: 77000000
Processed lines: 77500000
Processed lines: 77000000
Processed lines: 78000000
Processed lines: 77500000
Processed lines: 77500000
Processed lines: 77500000
Processed lines: 78000000
Processed lines: 77500000
Processed lines: 78500000
Processed lines: 78000000
Processed lines: 78000000
Processed lines: 78000000
Processed lines: 78500000
Processed lines: 78000000
Processed lines: 79000000
Processed lines: 78500000
Processed lines: 78500000
Processed lines: 78500000
Processed lines: 78500000
Processed lines: 79000000
Processed lines: 79500000
Processed lines: 79000000
Processed lines: 79000000
Processed lines: 79000000
Processed lines: 79000000
Processed lines: 79500000
Processed lines: 80000000
Processed lines: 79500000
Processed lines: 79500000
Processed lines: 79500000
Processed lines: 79500000
Processed lines: 80000000
Processed lines: 80500000
Processed lines: 80000000
Processed lines: 80000000
Processed lines: 80000000
Processed lines: 80000000
Processed lines: 80500000
Processed lines: 81000000
Processed lines: 80500000
Processed lines: 80500000
Processed lines: 80500000
Processed lines: 80500000
Processed lines: 81000000
Processed lines: 81500000
Processed lines: 81000000
Processed lines: 81000000
Processed lines: 81000000
Processed lines: 81000000
Processed lines: 81500000
Processed lines: 82000000
Processed lines: 81500000
Processed lines: 81500000
Processed lines: 81500000
Processed lines: 81500000
Processed lines: 82000000
Processed lines: 82500000
Processed lines: 82000000
Processed lines: 82000000
Processed lines: 82000000
Processed lines: 82000000
Processed lines: 82500000
Processed lines: 82500000
Processed lines: 83000000
Processed lines: 82500000
Processed lines: 82500000
Processed lines: 82500000
Processed lines: 83000000
Processed lines: 83000000
Processed lines: 83500000
Processed lines: 83000000
Processed lines: 83000000
Processed lines: 83000000
Processed lines: 83500000
Processed lines: 83500000
Processed lines: 84000000
Processed lines: 83500000
Processed lines: 83500000
Processed lines: 83500000
Processed lines: 84000000
Processed lines: 84000000
Processed lines: 84500000
Processed lines: 84000000
Processed lines: 84000000
Processed lines: 84000000
Processed lines: 84500000
Processed lines: 84500000
Processed lines: 85000000
Processed lines: 84500000
Processed lines: 84500000
Processed lines: 84500000
Processed lines: 85000000
Processed lines: 85000000
Processed lines: 85500000
Processed lines: 85000000
Processed lines: 85000000
Processed lines: 85000000
Processed lines: 85500000
Processed lines: 85500000
Processed lines: 86000000
Processed lines: 85500000
Processed lines: 85500000
Processed lines: 85500000
Processed lines: 86000000
Processed lines: 86000000
Processed lines: 86500000
Processed lines: 86000000
Processed lines: 86000000
Processed lines: 86000000
Processed lines: 86500000
Processed lines: 86500000
Processed lines: 87000000
Processed lines: 86500000
Processed lines: 86500000
Processed lines: 86500000
Processed lines: 87000000
Processed lines: 87000000
Processed lines: 87500000
Processed lines: 87000000
Processed lines: 87000000
Processed lines: 87000000
Processed lines: 87500000
Processed lines: 87500000
Processed lines: 88000000
Processed lines: 87500000
Processed lines: 87500000
Processed lines: 87500000
Processed lines: 88000000
Processed lines: 88000000
Processed lines: 88500000
Processed lines: 88000000
Processed lines: 88000000
Processed lines: 88000000
Processed lines: 88500000
Processed lines: 88500000
Processed lines: 89000000
Processed lines: 88500000
Processed lines: 88500000
Processed lines: 88500000
Processed lines: 89000000
Processed lines: 89000000
Processed lines: 89500000
Processed lines: 89000000
Processed lines: 89500000
Processed lines: 89000000
Processed lines: 89500000
Processed lines: 89000000
Processed lines: 90000000
Processed lines: 89500000
Processed lines: 90000000
Processed lines: 90000000
Processed lines: 89500000
Processed lines: 89500000
Processed lines: 90500000
Processed lines: 90000000
Processed lines: 90500000
Processed lines: 90500000
Processed lines: 90000000
Processed lines: 90000000
Processed lines: 91000000
Processed lines: 90500000
Processed lines: 91000000
Processed lines: 91000000
Processed lines: 90500000
Processed lines: 90500000
Processed lines: 91500000
Processed lines: 91000000
Processed lines: 91500000
Processed lines: 91500000
Processed lines: 91000000
Processed lines: 91000000
Processed lines: 92000000
Processed lines: 91500000
Processed lines: 92000000
Processed lines: 92000000
Processed lines: 91500000
Processed lines: 91500000
Processed lines: 92500000
Processed lines: 92000000
Processed lines: 92500000
Processed lines: 92500000
Processed lines: 92000000
Processed lines: 92000000
Processed lines: 93000000
Processed lines: 92500000
Processed lines: 93000000
Processed lines: 93000000
Processed lines: 92500000
Processed lines: 92500000
Processed lines: 93500000
Processed lines: 93000000
Processed lines: 93500000
Processed lines: 93500000
Processed lines: 93000000
Processed lines: 93000000
Processed lines: 94000000
Processed lines: 93500000
Processed lines: 94000000
Processed lines: 93500000
Processed lines: 93500000
Processed lines: 94000000
Processed lines: 94500000
Processed lines: 94000000
Processed lines: 94000000
Processed lines: 94500000
Processed lines: 94000000
Processed lines: 95000000
Processed lines: 94500000
Processed lines: 94500000
Processed lines: 94500000
Processed lines: 95000000
Processed lines: 95500000
Processed lines: 94500000
Processed lines: 95000000
Processed lines: 95000000
Processed lines: 95500000
Processed lines: 95000000
Processed lines: 95000000
Processed lines: 96000000
Processed lines: 95500000
Processed lines: 95500000
Processed lines: 95500000
Processed lines: 96500000
Processed lines: 95500000
Processed lines: 96000000
Processed lines: 96000000
Processed lines: 96000000
Processed lines: 96000000
Processed lines: 96000000
Processed lines: 96500000
Processed lines: 97000000
Processed lines: 96500000
Processed lines: 96500000
Processed lines: 96500000
Processed lines: 97000000
Processed lines: 96500000
Processed lines: 97500000
Processed lines: 97000000
Processed lines: 97000000
Processed lines: 97000000
Processed lines: 97500000
Processed lines: 97000000
Processed lines: 98000000
Processed lines: 97500000
Processed lines: 97500000
Processed lines: 97500000
Processed lines: 98000000
Processed lines: 97500000
Processed lines: 98500000
Processed lines: 98000000
Processed lines: 98000000
Processed lines: 98000000
Processed lines: 98500000
Processed lines: 98000000
Processed lines: 99000000
Processed lines: 98500000
Processed lines: 98500000
Processed lines: 98500000
Processed lines: 99000000
Processed lines: 99500000
Processed lines: 98500000
Processed lines: 99000000
Processed lines: 99000000
Processed lines: 99000000
Processed lines: 100000000
Processed lines: 99500000
Processed lines: 99000000
Processed lines: 99500000
Processed lines: 99500000
Processed lines: 100500000
Processed lines: 100000000
Processed lines: 99500000
Processed lines: 99500000
Processed lines: 100000000
Processed lines: 100000000
Processed lines: 100000000
Processed lines: 101000000
Processed lines: 100500000
Processed lines: 100000000
Processed lines: 100500000
Processed lines: 100500000
Processed lines: 100500000
Processed lines: 101000000
Processed lines: 101500000
Processed lines: 100500000
Processed lines: 101000000
Processed lines: 101000000
Processed lines: 101000000
Processed lines: 101500000
Processed lines: 102000000
Processed lines: 101000000
Processed lines: 101500000
Processed lines: 101500000
Processed lines: 101500000
Processed lines: 102000000
Processed lines: 102500000
Processed lines: 102000000
Processed lines: 101500000
Processed lines: 102000000
Processed lines: 103000000
Processed lines: 102000000
Processed lines: 102500000
Processed lines: 102500000
Processed lines: 102000000
Processed lines: 102500000
Processed lines: 102500000
Processed lines: 103500000
Processed lines: 103000000
Processed lines: 103000000
Processed lines: 102500000
Processed lines: 103000000
Processed lines: 104000000
Processed lines: 103000000
Processed lines: 103500000
Processed lines: 103500000
Processed lines: 103000000
Processed lines: 103500000
Processed lines: 104500000
Processed lines: 103500000
Processed lines: 104000000
Processed lines: 104000000
Processed lines: 103500000
Processed lines: 104000000
Processed lines: 105000000
Processed lines: 104000000
Processed lines: 104500000
Processed lines: 104500000
Processed lines: 104000000
Processed lines: 104500000
Processed lines: 105500000
Processed lines: 105000000
Processed lines: 104500000
Processed lines: 105000000
Processed lines: 104500000
Processed lines: 105000000
Processed lines: 106000000
Processed lines: 105500000
Processed lines: 105000000
Processed lines: 105500000
Processed lines: 105000000
Processed lines: 105500000
Processed lines: 106500000
Processed lines: 105500000
Processed lines: 106000000
Processed lines: 106000000
Processed lines: 105500000
Processed lines: 106000000
Processed lines: 106500000
Processed lines: 106000000
Processed lines: 107000000
Processed lines: 106000000
Processed lines: 106500000
Processed lines: 106500000
Processed lines: 107000000
Processed lines: 106500000
Processed lines: 107500000
Processed lines: 106500000
Processed lines: 107000000
Processed lines: 107000000
Processed lines: 107500000
Processed lines: 107000000
Processed lines: 108000000
Processed lines: 107000000
Processed lines: 107500000
Processed lines: 107500000
Processed lines: 108000000
Processed lines: 107500000
Processed lines: 108500000
Processed lines: 107500000
Processed lines: 108000000
Processed lines: 108000000
Processed lines: 108500000
Processed lines: 108000000
Processed lines: 109000000
Processed lines: 108000000
Processed lines: 108500000
Processed lines: 108500000
Processed lines: 109000000
Processed lines: 108500000
Processed lines: 109500000
Processed lines: 109000000
Processed lines: 108500000
Processed lines: 109000000
Processed lines: 109500000
Processed lines: 109000000
Processed lines: 110000000
Processed lines: 109500000
Processed lines: 109000000
Processed lines: 109500000
Processed lines: 110000000
Processed lines: 109500000
Processed lines: 110500000
Processed lines: 110000000
Processed lines: 109500000
Processed lines: 110000000
Processed lines: 110500000
Processed lines: 111000000
Processed lines: 110000000
Processed lines: 110000000
Processed lines: 110500000
Processed lines: 110500000
Processed lines: 111000000
Processed lines: 111500000
Processed lines: 111000000
Processed lines: 110500000
Processed lines: 110500000
Processed lines: 111000000
Processed lines: 111500000
Processed lines: 112000000
Processed lines: 111000000
Processed lines: 111500000
Processed lines: 111000000
Processed lines: 111500000
Processed lines: 112000000
Processed lines: 111500000
Processed lines: 112000000
Processed lines: 112500000
Processed lines: 111500000
Processed lines: 112000000
Processed lines: 112500000
Processed lines: 112000000
Processed lines: 112500000
Processed lines: 112000000
Processed lines: 113000000
Processed lines: 112500000
Processed lines: 113000000
Processed lines: 112500000
Processed lines: 112500000
Processed lines: 113000000
Processed lines: 113500000
Processed lines: 113000000
Processed lines: 113500000
Processed lines: 113500000
Processed lines: 113000000
Processed lines: 114000000
Processed lines: 113000000
Processed lines: 113500000
Processed lines: 114000000
Processed lines: 114000000
Processed lines: 113500000
Processed lines: 114500000
Processed lines: 113500000
Processed lines: 114000000
Processed lines: 114500000
Processed lines: 114500000
Processed lines: 114000000
Processed lines: 115000000
Processed lines: 114000000
Processed lines: 114500000
Processed lines: 115000000
Processed lines: 115000000
Processed lines: 114500000
Processed lines: 115500000
Processed lines: 114500000
Processed lines: 115000000
Processed lines: 115500000
Processed lines: 115000000
Processed lines: 115500000
Processed lines: 116000000
Processed lines: 115000000
Processed lines: 115500000
Processed lines: 116000000
Processed lines: 115500000
Processed lines: 116000000
Processed lines: 116500000
Processed lines: 115500000
Processed lines: 116000000
Processed lines: 116500000
Processed lines: 116500000
Processed lines: 116000000
Processed lines: 117000000
Processed lines: 116000000
Processed lines: 116500000
Processed lines: 117000000
Processed lines: 117000000
Processed lines: 116500000
Processed lines: 117500000
Processed lines: 116500000
Processed lines: 117000000
Processed lines: 117500000
Processed lines: 117500000
Processed lines: 117000000
Processed lines: 117000000
Processed lines: 118000000
Processed lines: 117500000
Processed lines: 118000000
Processed lines: 118000000
Processed lines: 118500000
Processed lines: 117500000
Processed lines: 117500000
Processed lines: 118000000
Processed lines: 118500000
Processed lines: 118500000
Processed lines: 119000000
Processed lines: 118000000
Processed lines: 118500000
Processed lines: 118000000
Processed lines: 119000000
Processed lines: 119000000
Processed lines: 118500000
Processed lines: 119500000
Processed lines: 119000000
Processed lines: 118500000
Processed lines: 119500000
Processed lines: 119500000
Processed lines: 119000000
Processed lines: 119000000
Processed lines: 119500000
Processed lines: 120000000
Processed lines: 120000000
Processed lines: 120000000
Processed lines: 119500000
Processed lines: 119500000
Processed lines: 120500000
Processed lines: 120000000
Processed lines: 120500000
Processed lines: 120500000
Processed lines: 121000000
Processed lines: 120000000
Processed lines: 120000000
Processed lines: 120500000
Processed lines: 121000000
Processed lines: 121000000
Processed lines: 121500000
Processed lines: 120500000
Processed lines: 120500000
Processed lines: 121000000
Processed lines: 121500000
Processed lines: 121500000
Processed lines: 121000000
Processed lines: 121500000
Processed lines: 122000000
Processed lines: 121000000
Processed lines: 122000000
Processed lines: 122000000
Processed lines: 121500000
Processed lines: 122000000
Processed lines: 121500000
Processed lines: 122500000
Processed lines: 122500000
Processed lines: 122500000
Processed lines: 122500000
Processed lines: 122000000
Processed lines: 122000000
Processed lines: 123000000
Processed lines: 123000000
Processed lines: 123000000
Processed lines: 122500000
Processed lines: 123000000
Processed lines: 123500000
Processed lines: 122500000
Processed lines: 123500000
Processed lines: 123500000
Processed lines: 123000000
Processed lines: 123500000
Processed lines: 123000000
Processed lines: 124000000
Processed lines: 124000000
Processed lines: 124000000
Processed lines: 123500000
Processed lines: 124000000
Processed lines: 123500000
Processed lines: 124500000
Processed lines: 124500000
Processed lines: 124500000
Processed lines: 124000000
Processed lines: 124500000
Processed lines: 124000000
Processed lines: 125000000
Processed lines: 125000000
Processed lines: 125000000
Processed lines: 125000000
Processed lines: 124500000
Processed lines: 125500000
Processed lines: 124500000
Processed lines: 125500000
Processed lines: 125500000
Processed lines: 125000000
Processed lines: 125500000
Processed lines: 126000000
Processed lines: 125000000
Processed lines: 126000000
Processed lines: 126000000
Processed lines: 126000000
Processed lines: 125500000
Processed lines: 126500000
Processed lines: 125500000
Processed lines: 126500000
Processed lines: 126500000
Processed lines: 126500000
Processed lines: 126000000
Processed lines: 126000000
Processed lines: 127000000
Processed lines: 127000000
Processed lines: 127000000
Processed lines: 127000000
Processed lines: 126500000
Processed lines: 126500000
Processed lines: 127500000
Processed lines: 127500000
Processed lines: 127500000
Processed lines: 127500000
Processed lines: 127000000
Processed lines: 127000000
Processed lines: 128000000
Processed lines: 128000000
Processed lines: 128000000
Processed lines: 128000000
Processed lines: 127500000
Processed lines: 128500000
Processed lines: 127500000
Processed lines: 128500000
Processed lines: 128500000
Processed lines: 128500000
Processed lines: 129000000
Processed lines: 128000000
Processed lines: 128000000
Processed lines: 129000000
Processed lines: 129000000
Processed lines: 129000000
Processed lines: 129500000
Processed lines: 128500000
Processed lines: 128500000
Processed lines: 129500000
Processed lines: 129500000
Processed lines: 129500000
Processed lines: 130000000
Processed lines: 129000000
Processed lines: 129000000
Processed lines: 130000000
Processed lines: 130000000
Processed lines: 130000000
Processed lines: 130500000
Processed lines: 129500000
Processed lines: 129500000
Processed lines: 130500000
Processed lines: 130500000
Processed lines: 130500000
Processed lines: 131000000
Processed lines: 130000000
Processed lines: 130000000
Processed lines: 131000000
Processed lines: 131000000
Processed lines: 131000000
Processed lines: 131500000
Processed lines: 130500000
Processed lines: 130500000
Processed lines: 131500000
Processed lines: 131500000
Processed lines: 131500000
Processed lines: 132000000
Processed lines: 131000000
Processed lines: 131000000
Processed lines: 132000000
Processed lines: 132000000
Processed lines: 132000000
Processed lines: 132500000
Processed lines: 131500000
Processed lines: 131500000
Processed lines: 132500000
Processed lines: 132500000
Processed lines: 132500000
Processed lines: 133000000
Processed lines: 132000000
Processed lines: 132000000
Processed lines: 133000000
Processed lines: 133000000
Processed lines: 133000000
Processed lines: 133500000
Processed lines: 132500000
Processed lines: 132500000
Processed lines: 133500000
Processed lines: 133500000
Processed lines: 133500000
Processed lines: 134000000
Processed lines: 133000000
Processed lines: 133000000
Processed lines: 134000000
Processed lines: 134000000
Processed lines: 134000000
Processed lines: 134500000
Processed lines: 133500000
Processed lines: 133500000
Processed lines: 134500000
Processed lines: 134500000
Processed lines: 134500000
Processed lines: 135000000
Processed lines: 134000000
Processed lines: 134000000
Processed lines: 135000000
Processed lines: 135000000
Processed lines: 135000000
Processed lines: 135500000
Processed lines: 134500000
Processed lines: 134500000
Processed lines: 135500000
Processed lines: 135500000
Processed lines: 135500000
Processed lines: 136000000
Processed lines: 135000000
Processed lines: 135000000
Processed lines: 136000000
Processed lines: 136000000
Processed lines: 136000000
Processed lines: 136500000
Processed lines: 135500000
Processed lines: 135500000
Processed lines: 136500000
Processed lines: 136500000
Processed lines: 136500000
Processed lines: 137000000
Processed lines: 136000000
Processed lines: 136000000
Processed lines: 137000000
Processed lines: 137000000
Processed lines: 137000000
Processed lines: 137500000
Processed lines: 136500000
Processed lines: 136500000
Processed lines: 137500000
Processed lines: 137500000
Processed lines: 137500000
Processed lines: 138000000
Processed lines: 137000000
Processed lines: 137000000
Processed lines: 138000000
Processed lines: 138000000
Processed lines: 138000000
Processed lines: 138500000
Processed lines: 137500000
Processed lines: 137500000
Processed lines: 138500000
Processed lines: 138500000
Processed lines: 138500000
Processed lines: 139000000
Processed lines: 138000000
Processed lines: 138000000
Processed lines: 139000000
Processed lines: 139000000
Processed lines: 139500000
Processed lines: 139000000
Processed lines: 138500000
Processed lines: 138500000
Processed lines: 139500000
Processed lines: 139500000
Processed lines: 139500000
Processed lines: 140000000
Processed lines: 139000000
Processed lines: 139000000
Processed lines: 140000000
Processed lines: 140000000
Processed lines: 140000000
Processed lines: 140500000
Processed lines: 139500000
Processed lines: 139500000
Processed lines: 140500000
Processed lines: 140500000
Processed lines: 140500000
Processed lines: 141000000
Processed lines: 140000000
Processed lines: 140000000
Processed lines: 141000000
Processed lines: 141000000
Processed lines: 141000000
Processed lines: 141500000
Processed lines: 140500000
Processed lines: 140500000
Processed lines: 141500000
Processed lines: 141500000
Processed lines: 141500000
Processed lines: 142000000
Processed lines: 141000000
Processed lines: 141000000
Processed lines: 142000000
Processed lines: 142000000
Processed lines: 142000000
Processed lines: 142500000
Processed lines: 141500000
Processed lines: 141500000
Processed lines: 142500000
Processed lines: 142500000
Processed lines: 142500000
Processed lines: 143000000
Processed lines: 142000000
Processed lines: 142000000
Processed lines: 143000000
Processed lines: 143000000
Processed lines: 143000000
Processed lines: 143500000
Processed lines: 142500000
Processed lines: 142500000
Processed lines: 143500000
Processed lines: 143500000
Processed lines: 143500000
Processed lines: 144000000
Processed lines: 143000000
Processed lines: 143000000
Processed lines: 144000000
Processed lines: 144000000
Processed lines: 144000000
Processed lines: 144500000
Processed lines: 143500000
Processed lines: 143500000
Processed lines: 144500000
Processed lines: 144500000
Processed lines: 144500000
Processed lines: 145000000
Processed lines: 144000000
Processed lines: 144000000
Processed lines: 145000000
Processed lines: 145000000
Processed lines: 145000000
Processed lines: 145500000
Processed lines: 144500000
Processed lines: 144500000
Processed lines: 145500000
Processed lines: 145500000
Processed lines: 145500000
Processed lines: 146000000
Processed lines: 145000000
Processed lines: 145000000
Processed lines: 146000000
Processed lines: 146000000
Processed lines: 146000000
Processed lines: 146500000
Processed lines: 145500000
Processed lines: 145500000
Processed lines: 146500000
Processed lines: 146500000
Processed lines: 146500000
Processed lines: 147000000
Processed lines: 146000000
Processed lines: 146000000
Processed lines: 147000000
Processed lines: 147000000
Processed lines: 147000000
Processed lines: 147500000
Processed lines: 146500000
Processed lines: 146500000
Processed lines: 147500000
Processed lines: 147500000
Processed lines: 147500000
Processed lines: 148000000
Processed lines: 147000000
Processed lines: 147000000
Processed lines: 148000000
Processed lines: 148000000
Processed lines: 148000000
Processed lines: 148500000
Processed lines: 147500000
Processed lines: 147500000
Processed lines: 148500000
Processed lines: 148500000
Processed lines: 148500000
Processed lines: 149000000
Processed lines: 148000000
Processed lines: 148000000
Processed lines: 149000000
Processed lines: 149000000
Processed lines: 149000000
Processed lines: 149500000
Processed lines: 148500000
Processed lines: 148500000
Processed lines: 149500000
Processed lines: 149500000
Processed lines: 149500000
Processed lines: 150000000
Processed lines: 149000000
Processed lines: 149000000
Processed lines: 150000000
Processed lines: 150000000
Processed lines: 150000000
Processed lines: 150500000
Processed lines: 149500000
Processed lines: 149500000
Processed lines: 150500000
Processed lines: 150500000
Processed lines: 150500000
Processed lines: 151000000
Processed lines: 150000000
Processed lines: 150000000
Processed lines: 151000000
Processed lines: 151000000
Processed lines: 151000000
Processed lines: 151500000
Processed lines: 150500000
Processed lines: 150500000
Processed lines: 151500000
Processed lines: 151500000
Processed lines: 152000000
Processed lines: 151500000
Processed lines: 151000000
Processed lines: 151000000
Processed lines: 152000000
Processed lines: 152000000
Processed lines: 152500000
Processed lines: 152000000
Processed lines: 151500000
Processed lines: 151500000
Processed lines: 152500000
Processed lines: 152500000
Processed lines: 153000000
Processed lines: 152500000
Processed lines: 152000000
Processed lines: 152000000
Processed lines: 153000000
Processed lines: 153000000
Processed lines: 153500000
Processed lines: 153000000
Processed lines: 152500000
Processed lines: 152500000
Processed lines: 153500000
Processed lines: 153500000
Processed lines: 154000000
Processed lines: 153500000
Processed lines: 153000000
Processed lines: 153000000
Processed lines: 154000000
Processed lines: 154000000
Processed lines: 154500000
Processed lines: 154000000
Processed lines: 153500000
Processed lines: 153500000
Processed lines: 154500000
Processed lines: 154500000
Processed lines: 155000000
Processed lines: 154500000
Processed lines: 154000000
Processed lines: 154000000
Processed lines: 155000000
Processed lines: 155000000
Processed lines: 155500000
Processed lines: 155000000
Processed lines: 154500000
Processed lines: 154500000
Processed lines: 155500000
Processed lines: 155500000
Processed lines: 156000000
Processed lines: 155500000
Processed lines: 155000000
Processed lines: 155000000
Processed lines: 156000000
Processed lines: 156000000
Processed lines: 156500000
Processed lines: 156000000
Processed lines: 155500000
Processed lines: 155500000
Processed lines: 156500000
Processed lines: 156500000
Processed lines: 157000000
Processed lines: 156500000
Processed lines: 156000000
Processed lines: 156000000
Processed lines: 157000000
Processed lines: 157000000
Processed lines: 157500000
Processed lines: 157000000
Processed lines: 156500000
Processed lines: 156500000
Processed lines: 157500000
Processed lines: 157500000
Processed lines: 158000000
Processed lines: 157500000
Processed lines: 157000000
Processed lines: 157000000
Processed lines: 158000000
Processed lines: 158000000
Processed lines: 158500000
Processed lines: 158000000
Processed lines: 157500000
Processed lines: 157500000
Processed lines: 158500000
Processed lines: 158500000
Processed lines: 159000000
Processed lines: 158500000
Processed lines: 158000000
Processed lines: 158000000
Processed lines: 159000000
Processed lines: 159000000
Processed lines: 159500000
Processed lines: 159000000
Processed lines: 158500000
Processed lines: 158500000
Processed lines: 159500000
Processed lines: 159500000
Processed lines: 160000000
Processed lines: 159500000
Processed lines: 159000000
Processed lines: 159000000
Processed lines: 160000000
Processed lines: 160000000
Processed lines: 160500000
Processed lines: 160000000
Processed lines: 159500000
Processed lines: 159500000
Processed lines: 160500000
Processed lines: 160500000
Processed lines: 161000000
Processed lines: 160500000
Processed lines: 160000000
Processed lines: 160000000
Processed lines: 161000000
Processed lines: 161000000
Processed lines: 161500000
Processed lines: 161000000
Processed lines: 160500000
Processed lines: 160500000
Processed lines: 161500000
Processed lines: 161500000
Processed lines: 162000000
Processed lines: 161500000
Processed lines: 161000000
Processed lines: 161000000
Processed lines: 162000000
Processed lines: 162000000
Processed lines: 162500000
Processed lines: 161500000
Processed lines: 162000000
Processed lines: 161500000
Processed lines: 162500000
Processed lines: 162500000
Processed lines: 163000000
Processed lines: 162000000
Processed lines: 162500000
Processed lines: 162000000
Processed lines: 163000000
Processed lines: 163000000
Processed lines: 163500000
Processed lines: 162500000
Processed lines: 163000000
Processed lines: 162500000
Processed lines: 163500000
Processed lines: 163500000
Processed lines: 163000000
Processed lines: 164000000
Processed lines: 163500000
Processed lines: 163000000
Processed lines: 164000000
Processed lines: 164000000
Processed lines: 163500000
Processed lines: 164500000
Processed lines: 164000000
Processed lines: 163500000
Processed lines: 164500000
Processed lines: 164500000
Processed lines: 164000000
Processed lines: 165000000
Processed lines: 164500000
Processed lines: 164000000
Processed lines: 165000000
Processed lines: 165000000
Processed lines: 164500000
Processed lines: 165500000
Processed lines: 165000000
Processed lines: 164500000
Processed lines: 165500000
Processed lines: 165500000
Processed lines: 166000000
Processed lines: 165000000
Processed lines: 165500000
Processed lines: 165000000
Processed lines: 166000000
Processed lines: 166000000
Processed lines: 165500000
Processed lines: 166500000
Processed lines: 166000000
Processed lines: 165500000
Processed lines: 166500000
Processed lines: 166500000
Processed lines: 167000000
Processed lines: 166000000
Processed lines: 166500000
Processed lines: 166000000
Processed lines: 167000000
Processed lines: 167000000
Processed lines: 166500000
Processed lines: 167500000
Processed lines: 167000000
Processed lines: 166500000
Processed lines: 167500000
Processed lines: 167500000
Processed lines: 168000000
Processed lines: 167000000
Processed lines: 167500000
Processed lines: 167000000
Processed lines: 168000000
Processed lines: 168000000
Processed lines: 168500000
Processed lines: 168000000
Processed lines: 167500000
Processed lines: 167500000
Processed lines: 168500000
Processed lines: 168500000
Processed lines: 169000000
Processed lines: 168500000
Processed lines: 168000000
Processed lines: 168000000
Processed lines: 169000000
Processed lines: 169000000
Processed lines: 169500000
Processed lines: 168500000
Processed lines: 169000000
Processed lines: 168500000
Processed lines: 169500000
Processed lines: 169500000
Processed lines: 170000000
Processed lines: 169000000
Processed lines: 169500000
Processed lines: 169000000
Processed lines: 170000000
Processed lines: 170000000
Processed lines: 170500000
Processed lines: 170000000
Processed lines: 169500000
Processed lines: 169500000
Processed lines: 170500000
Processed lines: 170500000
Processed lines: 171000000
Processed lines: 170000000
Processed lines: 170500000
Processed lines: 170000000
Processed lines: 171000000
Processed lines: 171000000
Processed lines: 171500000
Processed lines: 171000000
Processed lines: 170500000
Processed lines: 170500000
Processed lines: 171500000
Processed lines: 171500000
Processed lines: 172000000
Processed lines: 171500000
Processed lines: 171000000
Processed lines: 171000000
Processed lines: 172000000
Processed lines: 172000000
Processed lines: 172500000
Processed lines: 172000000
Processed lines: 171500000
Processed lines: 171500000
Processed lines: 172500000
Processed lines: 172500000
Processed lines: 173000000
Processed lines: 172500000
Processed lines: 172000000
Processed lines: 172000000
Processed lines: 173000000
Processed lines: 173000000
Processed lines: 173500000
Processed lines: 172500000
Processed lines: 173000000
Processed lines: 172500000
Processed lines: 173500000
Processed lines: 173500000
Processed lines: 174000000
Processed lines: 173500000
Processed lines: 173000000
Processed lines: 173000000
Processed lines: 174000000
Processed lines: 174000000
Processed lines: 174500000
Processed lines: 174000000
Processed lines: 173500000
Processed lines: 173500000
Processed lines: 174500000
Processed lines: 174500000
Processed lines: 175000000
Processed lines: 174500000
Processed lines: 174000000
Processed lines: 174000000
Processed lines: 175000000
Processed lines: 175000000
Processed lines: 175500000
Processed lines: 174500000
Processed lines: 175000000
Processed lines: 174500000
Processed lines: 175500000
Processed lines: 175500000
Processed lines: 176000000
Processed lines: 175000000
Processed lines: 175000000
Processed lines: 175500000
Processed lines: 176000000
Processed lines: 176000000
Processed lines: 176500000
Processed lines: 175500000
Processed lines: 175500000
Processed lines: 176000000
Processed lines: 176500000
Processed lines: 176500000
Processed lines: 177000000
Processed lines: 176000000
Processed lines: 176000000
Processed lines: 176500000
Processed lines: 177000000
Processed lines: 177000000
Processed lines: 177500000
Processed lines: 176500000
Processed lines: 176500000
Processed lines: 177000000
Processed lines: 177500000
Processed lines: 177500000
Processed lines: 178000000
Processed lines: 177000000
Processed lines: 177000000
Processed lines: 177500000
Processed lines: 178000000
Processed lines: 178000000
Processed lines: 178500000
Processed lines: 177500000
Processed lines: 177500000
Processed lines: 178000000
Processed lines: 178500000
Processed lines: 178500000
Processed lines: 178000000
Processed lines: 179000000
Processed lines: 178000000
Processed lines: 178500000
Processed lines: 179000000
Processed lines: 179000000
Processed lines: 178500000
Processed lines: 179500000
Processed lines: 178500000
Processed lines: 179000000
Processed lines: 179500000
Processed lines: 179500000
Processed lines: 179000000
Processed lines: 180000000
Processed lines: 179000000
Processed lines: 179500000
Processed lines: 180000000
Processed lines: 180000000
Processed lines: 179500000
Processed lines: 180500000
Processed lines: 179500000
Processed lines: 180000000
Processed lines: 180500000
Processed lines: 180500000
Processed lines: 180000000
Processed lines: 181000000
Processed lines: 180000000
Processed lines: 180500000
Processed lines: 181000000
Processed lines: 181000000
Processed lines: 180500000
Processed lines: 181500000
Processed lines: 180500000
Processed lines: 181000000
Processed lines: 181500000
Processed lines: 181500000
Processed lines: 181000000
Processed lines: 182000000
Processed lines: 181000000
Processed lines: 181500000
Processed lines: 182000000
Processed lines: 182000000
Processed lines: 181500000
Processed lines: 182500000
Processed lines: 181500000
Processed lines: 182000000
Processed lines: 182500000
Processed lines: 182500000
Processed lines: 182000000
Processed lines: 183000000
Processed lines: 182000000
Processed lines: 182500000
Processed lines: 183000000
Processed lines: 183000000
Processed lines: 182500000
Processed lines: 183500000
Processed lines: 182500000
Processed lines: 183000000
Processed lines: 183500000
Processed lines: 183500000
Processed lines: 183000000
Processed lines: 184000000
Processed lines: 183000000
Processed lines: 183500000
Processed lines: 184000000
Processed lines: 184000000
Processed lines: 183500000
Processed lines: 184500000
Processed lines: 183500000
Processed lines: 184000000
Processed lines: 184500000
Processed lines: 184500000
Processed lines: 184000000
Processed lines: 185000000
Processed lines: 184000000
Processed lines: 184500000
Processed lines: 185000000
Processed lines: 185000000
Processed lines: 184500000
Processed lines: 185500000
Processed lines: 184500000
Processed lines: 185000000
Processed lines: 185500000
Processed lines: 185500000
Processed lines: 185000000
Processed lines: 186000000
Processed lines: 185000000
Processed lines: 185500000
Processed lines: 186000000
Processed lines: 186000000
Processed lines: 185500000
Processed lines: 186500000
Processed lines: 185500000
Processed lines: 186000000
Processed lines: 186500000
Processed lines: 186500000
Processed lines: 186000000
Processed lines: 187000000
Processed lines: 186000000
Processed lines: 186500000
Processed lines: 187000000
Processed lines: 187000000
Processed lines: 186500000
Processed lines: 187500000
Processed lines: 186500000
Processed lines: 187000000
Processed lines: 187500000
Processed lines: 187500000
Processed lines: 187000000
Processed lines: 188000000
Processed lines: 187000000
Processed lines: 187500000
Processed lines: 188000000
Processed lines: 188000000
Processed lines: 187500000
Processed lines: 188500000
Processed lines: 187500000
Processed lines: 188000000
Processed lines: 188500000
Processed lines: 188500000
Processed lines: 189000000
Processed lines: 188000000
Processed lines: 188000000
Processed lines: 188500000
Processed lines: 189000000
Processed lines: 189000000
Processed lines: 189500000
Processed lines: 188500000
Processed lines: 188500000
Processed lines: 189000000
Processed lines: 189500000
Processed lines: 189500000
Processed lines: 190000000
Processed lines: 189000000
Processed lines: 189500000
Processed lines: 189000000
Processed lines: 190000000
Processed lines: 190000000
Processed lines: 190500000
Processed lines: 189500000
Processed lines: 190000000
Processed lines: 189500000
Processed lines: 190500000
Processed lines: 190500000
Processed lines: 191000000
Processed lines: 190000000
Processed lines: 190500000
Processed lines: 190000000
Processed lines: 191000000
Processed lines: 191000000
Processed lines: 191500000
Processed lines: 190500000
Processed lines: 191000000
Processed lines: 190500000
Processed lines: 191500000
Processed lines: 191500000
Processed lines: 192000000
Processed lines: 191000000
Processed lines: 191500000
Processed lines: 191000000
Processed lines: 192000000
Processed lines: 192000000
Processed lines: 192500000
Processed lines: 191500000
Processed lines: 192000000
Processed lines: 191500000
Processed lines: 192500000
Processed lines: 192500000
Processed lines: 193000000
Processed lines: 192000000
Processed lines: 192500000
Processed lines: 192000000
Processed lines: 193000000
Processed lines: 193000000
Processed lines: 193500000
Processed lines: 192500000
Processed lines: 193000000
Processed lines: 192500000
Processed lines: 193500000
Processed lines: 193500000
Processed lines: 194000000
Processed lines: 193000000
Processed lines: 193500000
Processed lines: 193000000
Processed lines: 194000000
Processed lines: 194000000
Processed lines: 194500000
Processed lines: 193500000
Processed lines: 194000000
Processed lines: 193500000
Processed lines: 194500000
Processed lines: 194500000
Processed lines: 195000000
Processed lines: 194000000
Processed lines: 194500000
Processed lines: 194000000
Processed lines: 195000000
Processed lines: 195000000
Processed lines: 195500000
Processed lines: 194500000
Processed lines: 195000000
Processed lines: 194500000
Processed lines: 195500000
Processed lines: 195500000
Processed lines: 196000000
Processed lines: 195000000
Processed lines: 195500000
Processed lines: 195000000
Processed lines: 196000000
Processed lines: 196000000
Processed lines: 196500000
Processed lines: 195500000
Processed lines: 196000000
Processed lines: 195500000
Processed lines: 196500000
Processed lines: 196500000
Processed lines: 197000000
Processed lines: 196000000
Processed lines: 196500000
Processed lines: 196000000
Processed lines: 197000000
Processed lines: 197000000
Processed lines: 197500000
Processed lines: 196500000
Processed lines: 197000000
Processed lines: 196500000
Processed lines: 197500000
Processed lines: 197500000
Processed lines: 198000000
Processed lines: 197000000
Processed lines: 197500000
Processed lines: 197000000
Processed lines: 198000000
Processed lines: 198000000
Processed lines: 198500000
Processed lines: 197500000
Processed lines: 198000000
Processed lines: 197500000
Processed lines: 198500000
Processed lines: 198500000
Processed lines: 199000000
Processed lines: 198000000
Processed lines: 198500000
Processed lines: 198000000
Processed lines: 199000000
Processed lines: 199000000
Processed lines: 199500000
Processed lines: 199000000
Processed lines: 198500000
Processed lines: 198500000
Processed lines: 199500000
Processed lines: 199500000
Processed lines: 200000000
Processed lines: 199500000
Processed lines: 199000000
Processed lines: 199000000
Processed lines: 200000000
Processed lines: 200000000
Processed lines: 200500000
Processed lines: 199500000
Processed lines: 200000000
Processed lines: 199500000
Processed lines: 200500000
Processed lines: 200500000
Processed lines: 201000000
Processed lines: 200000000
Processed lines: 200500000
Processed lines: 200000000
Processed lines: 201000000
Processed lines: 201000000
Processed lines: 201500000
Processed lines: 200500000
Processed lines: 201000000
Processed lines: 200500000
Processed lines: 201500000
Processed lines: 201500000
Processed lines: 202000000
Processed lines: 201000000
Processed lines: 201500000
Processed lines: 201000000
Processed lines: 202000000
Processed lines: 202000000
Processed lines: 202500000
Processed lines: 201500000
Processed lines: 202000000
Processed lines: 201500000
Processed lines: 202500000
Processed lines: 202500000
Processed lines: 203000000
Processed lines: 202000000
Processed lines: 202500000
Processed lines: 202000000
Processed lines: 203000000
Processed lines: 203000000
Processed lines: 203500000
Processed lines: 202500000
Processed lines: 203000000
Processed lines: 202500000
Processed lines: 203500000
Processed lines: 203500000
Processed lines: 204000000
Processed lines: 203000000
Processed lines: 203500000
Processed lines: 203000000
Processed lines: 204000000
Processed lines: 204000000
Processed lines: 204500000
Processed lines: 203500000
Processed lines: 204000000
Processed lines: 203500000
Processed lines: 204500000
Processed lines: 204500000
Processed lines: 205000000
Processed lines: 204000000
Processed lines: 204500000
Processed lines: 204000000
Processed lines: 205000000
Processed lines: 205000000
Processed lines: 205500000
Processed lines: 204500000
Processed lines: 205000000
Processed lines: 204500000
Processed lines: 205500000
Processed lines: 205500000
Processed lines: 206000000
Processed lines: 205000000
Processed lines: 205500000
Processed lines: 205000000
Processed lines: 206000000
Processed lines: 206000000
Processed lines: 206500000
Processed lines: 205500000
Processed lines: 206000000
Processed lines: 205500000
Processed lines: 206500000
Processed lines: 206500000
Processed lines: 207000000
Processed lines: 206000000
Processed lines: 206500000
Processed lines: 206000000
Processed lines: 207000000
Processed lines: 207000000
Processed lines: 207500000
Processed lines: 206500000
Processed lines: 207000000
Processed lines: 206500000
Processed lines: 207500000
Processed lines: 207500000
Processed lines: 208000000
Processed lines: 207000000
Processed lines: 207500000
Processed lines: 207000000
Processed lines: 208000000
Processed lines: 208000000
Processed lines: 208500000
Processed lines: 207500000
Processed lines: 208000000
Processed lines: 207500000
Processed lines: 208500000
Processed lines: 208500000
Processed lines: 209000000
Processed lines: 208500000
Processed lines: 208000000
Processed lines: 208000000
Processed lines: 209000000
Processed lines: 209000000
Processed lines: 209500000
Processed lines: 209000000
Processed lines: 208500000
Processed lines: 208500000
Processed lines: 209500000
Processed lines: 209500000
Processed lines: 210000000
Processed lines: 209500000
Processed lines: 209000000
Processed lines: 209000000
Processed lines: 210000000
Processed lines: 210000000
Processed lines: 210500000
Processed lines: 210000000
Processed lines: 209500000
Processed lines: 209500000
Processed lines: 210500000
Processed lines: 210500000
Processed lines: 211000000
Processed lines: 210500000
Processed lines: 210000000
Processed lines: 210000000
Processed lines: 211000000
Processed lines: 211000000
Processed lines: 211500000
Processed lines: 211000000
Processed lines: 210500000
Processed lines: 210500000
Processed lines: 211500000
Processed lines: 211500000
Processed lines: 212000000
Processed lines: 211500000
Processed lines: 211000000
Processed lines: 211000000
Processed lines: 212000000
Processed lines: 212000000
Processed lines: 212500000
Processed lines: 212000000
Processed lines: 211500000
Finished processing child process. Exiting..
Processed lines: 211500000
Processed lines: 212500000
Processed lines: 212500000
Finished processing child process. Exiting..
Processed lines: 212500000
Finished processing child process. Exiting..
Processed lines: 212000000
Finished processing child process. Exiting..
Processed lines: 212000000
Processed lines: 212500000
Now waiting for all child processes to complete
Processed lines: 212500000
Finished processing child process. Exiting..
All child process successfully finished.
Merging individual splitting reports into overall report: '/atium/Data/projects/hg002_wgbs/bismark/methylseq/meth_extraction/methylseq_SRR13051104_pe.deduplicated_splitting_report.txt'
Merging from these individual files:
/atium/Data/projects/hg002_wgbs/bismark/methylseq/meth_extraction/methylseq_SRR13051104_pe.deduplicated_splitting_report.txt.1
/atium/Data/projects/hg002_wgbs/bismark/methylseq/meth_extraction/methylseq_SRR13051104_pe.deduplicated_splitting_report.txt.2
/atium/Data/projects/hg002_wgbs/bismark/methylseq/meth_extraction/methylseq_SRR13051104_pe.deduplicated_splitting_report.txt.3
/atium/Data/projects/hg002_wgbs/bismark/methylseq/meth_extraction/methylseq_SRR13051104_pe.deduplicated_splitting_report.txt.4
/atium/Data/projects/hg002_wgbs/bismark/methylseq/meth_extraction/methylseq_SRR13051104_pe.deduplicated_splitting_report.txt.5
/atium/Data/projects/hg002_wgbs/bismark/methylseq/meth_extraction/methylseq_SRR13051104_pe.deduplicated_splitting_report.txt.6


Processed 212617490 lines in total
Total number of methylation call strings processed: 425234980

Final Cytosine Methylation Report
=================================
Total number of C's analysed:	8586267712

Total methylated C's in CpG context:	268622541
Total methylated C's in CHG context:	9502721
Total methylated C's in CHH context:	32429703

Total C to T conversions in CpG context:	143723348
Total C to T conversions in CHG context:	1829610516
Total C to T conversions in CHH context:	6302378883

C methylated in CpG context:	65.1%
C methylated in non-CpG context:	0.5%



Merging individual M-bias reports into overall M-bias statistics from these 6 individual files:
/atium/Data/projects/hg002_wgbs/bismark/methylseq/meth_extraction/methylseq_SRR13051104_pe.deduplicated_splitting_report.txt.1.mbias
/atium/Data/projects/hg002_wgbs/bismark/methylseq/meth_extraction/methylseq_SRR13051104_pe.deduplicated_splitting_report.txt.2.mbias
/atium/Data/projects/hg002_wgbs/bismark/methylseq/meth_extraction/methylseq_SRR13051104_pe.deduplicated_splitting_report.txt.3.mbias
/atium/Data/projects/hg002_wgbs/bismark/methylseq/meth_extraction/methylseq_SRR13051104_pe.deduplicated_splitting_report.txt.4.mbias
/atium/Data/projects/hg002_wgbs/bismark/methylseq/meth_extraction/methylseq_SRR13051104_pe.deduplicated_splitting_report.txt.5.mbias
/atium/Data/projects/hg002_wgbs/bismark/methylseq/meth_extraction/methylseq_SRR13051104_pe.deduplicated_splitting_report.txt.6.mbias

Deleting unused files ...

/atium/Data/projects/hg002_wgbs/bismark/methylseq/meth_extraction/CpG_context_methylseq_SRR13051104_pe.deduplicated.txt.gz contains data ->	kept
/atium/Data/projects/hg002_wgbs/bismark/methylseq/meth_extraction/Non_CpG_context_methylseq_SRR13051104_pe.deduplicated.txt.gz contains data ->	kept


